<?xml version="1.0" encoding="UTF-8"?>
<!-- Generated by org.testng.reporters.JUnitReportReporter -->
<testsuite hostname="DESKTOP-PIJCOC8" failures="0" tests="3" name="com.crm.contactTest.ContactTest" time="100.385" errors="0" timestamp="2024-12-24T12:29:44 IST" skipped="0">
  <testcase classname="com.crm.contactTest.ContactTest" name="createContactWithSupportDateTest" time="30.052"/>
  <system-out/>
  <testcase classname="com.crm.contactTest.ContactTest" name="createContactWithOrgTest" time="44.066"/>
  <system-out/>
  <testcase classname="com.crm.contactTest.ContactTest" name="createContactTest" time="26.267"/>
  <system-out/>
</testsuite> <!-- com.crm.contactTest.ContactTest -->
