<?xml version="1.0" encoding="UTF-8"?>
<!-- Generated by org.testng.reporters.JUnitReportReporter -->
<testsuite hostname="DESKTOP-PIJCOC8" failures="0" tests="3" name="com.crm.orgTest.OrgTest" time="88.573" errors="0" timestamp="2024-12-24T12:29:44 IST" skipped="0">
  <testcase classname="com.crm.orgTest.OrgTest" name="createOrgWithPhoneNumberTest" time="32.309"/>
  <system-out/>
  <testcase classname="com.crm.orgTest.OrgTest" name="createOrgTest" time="26.788"/>
  <system-out/>
  <testcase classname="com.crm.orgTest.OrgTest" name="createOrgWithIndustryTest" time="29.476"/>
  <system-out/>
</testsuite> <!-- com.crm.orgTest.OrgTest -->
