<?xml version="1.0" encoding="UTF-8"?>
<!-- Generated by org.testng.reporters.JUnitReportReporter -->
<testsuite hostname="DESKTOP-PIJCOC8" failures="0" tests="1" name="com.crm.contactTest.ContactTest" time="25.911" errors="0" timestamp="2024-12-24T12:18:13 IST" skipped="0">
  <testcase classname="com.crm.contactTest.ContactTest" name="createContactTest" time="25.911"/>
  <system-out/>
</testsuite> <!-- com.crm.contactTest.ContactTest -->
