<?xml version="1.0" encoding="UTF-8"?>
<!-- Generated by org.testng.reporters.JUnitReportReporter -->
<testsuite hostname="DESKTOP-PIJCOC8" failures="0" tests="3" name="com.crm.orgTest.OrgTest" time="74.125" errors="0" timestamp="2024-12-24T12:18:13 IST" skipped="0">
  <testcase classname="com.crm.orgTest.OrgTest" name="createOrgWithPhoneNumberTest" time="24.869"/>
  <system-out/>
  <testcase classname="com.crm.orgTest.OrgTest" name="createOrgTest" time="24.371"/>
  <system-out/>
  <testcase classname="com.crm.orgTest.OrgTest" name="createOrgWithIndustryTest" time="24.885"/>
  <system-out/>
</testsuite> <!-- com.crm.orgTest.OrgTest -->
